# JRE version: Java(TM) SE Runtime Environment (8.0_181-b13) (build 1.8.0_181-b13)
# Java VM: Java HotSpot(TM) 64-Bit Server VM (25.181-b13 mixed mode linux-amd64 compressed oops)
Heap:
 PSYoungGen      total 279552K, used 254362K [0x00000000e1900000, 0x00000000f3980000, 0x0000000100000000)
  eden space 276992K, 91% used [0x00000000e1900000,0x00000000f1146910,0x00000000f2780000)
  from space 2560K, 5% used [0x00000000f2780000,0x00000000f27a0000,0x00000000f2a00000)
  to   space 3072K, 0% used [0x00000000f3680000,0x00000000f3680000,0x00000000f3980000)
 ParOldGen       total 47104K, used 7986K [0x00000000a4a00000, 0x00000000a7800000, 0x00000000e1900000)
  object space 47104K, 16% used [0x00000000a4a00000,0x00000000a51cc8e8,0x00000000a7800000)
 Metaspace       used 27651K, capacity 28120K, committed 28288K, reserved 1073152K
  class space    used 3497K, capacity 3625K, committed 3712K, reserved 1048576K
GC Heap History (10 events):
Event: 111,792 GC heap before
{Heap before GC invocations=42 (full 1):
 PSYoungGen      total 257024K, used 255344K [0x00000000e1900000, 0x00000000f1700000, 0x0000000100000000)
  eden space 253952K, 100% used [0x00000000e1900000,0x00000000f1100000,0x00000000f1100000)
  from space 3072K, 45% used [0x00000000f1400000,0x00000000f155c010,0x00000000f1700000)
  to   space 3072K, 0% used [0x00000000f1100000,0x00000000f1100000,0x00000000f1400000)
 ParOldGen       total 47104K, used 6602K [0x00000000a4a00000, 0x00000000a7800000, 0x00000000e1900000)
  object space 47104K, 14% used [0x00000000a4a00000,0x00000000a5072888,0x00000000a7800000)
 Metaspace       used 27337K, capacity 27796K, committed 28032K, reserved 1073152K
  class space    used 3478K, capacity 3587K, committed 3712K, reserved 1048576K
Event: 111,795 GC heap after
Heap after GC invocations=42 (full 1):
 PSYoungGen      total 257024K, used 1392K [0x00000000e1900000, 0x00000000f2200000, 0x0000000100000000)
  eden space 253952K, 0% used [0x00000000e1900000,0x00000000e1900000,0x00000000f1100000)
  from space 3072K, 45% used [0x00000000f1100000,0x00000000f125c010,0x00000000f1400000)
  to   space 3072K, 0% used [0x00000000f1f00000,0x00000000f1f00000,0x00000000f2200000)
 ParOldGen       total 47104K, used 6610K [0x00000000a4a00000, 0x00000000a7800000, 0x00000000e1900000)
  object space 47104K, 14% used [0x00000000a4a00000,0x00000000a5074888,0x00000000a7800000)
 Metaspace       used 27337K, capacity 27796K, committed 28032K, reserved 1073152K
  class space    used 3478K, capacity 3587K, committed 3712K, reserved 1048576K
}
Event: 112,301 GC heap before
{Heap before GC invocations=43 (full 1):
 PSYoungGen      total 257024K, used 255344K [0x00000000e1900000, 0x00000000f2200000, 0x0000000100000000)
  eden space 253952K, 100% used [0x00000000e1900000,0x00000000f1100000,0x00000000f1100000)
  from space 3072K, 45% used [0x00000000f1100000,0x00000000f125c010,0x00000000f1400000)
  to   space 3072K, 0% used [0x00000000f1f00000,0x00000000f1f00000,0x00000000f2200000)
 ParOldGen       total 47104K, used 6610K [0x00000000a4a00000, 0x00000000a7800000, 0x00000000e1900000)
  object space 47104K, 14% used [0x00000000a4a00000,0x00000000a5074888,0x00000000a7800000)
 Metaspace       used 27337K, capacity 27796K, committed 28032K, reserved 1073152K
  class space    used 3478K, capacity 3587K, committed 3712K, reserved 1048576K
Event: 112,304 GC heap after
Heap after GC invocations=43 (full 1):
 PSYoungGen      total 268288K, used 1440K [0x00000000e1900000, 0x00000000f2200000, 0x0000000100000000)
  eden space 265216K, 0% used [0x00000000e1900000,0x00000000e1900000,0x00000000f1c00000)
  from space 3072K, 46% used [0x00000000f1f00000,0x00000000f2068020,0x00000000f2200000)
  to   space 3072K, 0% used [0x00000000f1c00000,0x00000000f1c00000,0x00000000f1f00000)
 ParOldGen       total 47104K, used 6626K [0x00000000a4a00000, 0x00000000a7800000, 0x00000000e1900000)
  object space 47104K, 14% used [0x00000000a4a00000,0x00000000a5078888,0x00000000a7800000)
 Metaspace       used 27337K, capacity 27796K, committed 28032K, reserved 1073152K
  class space    used 3478K, capacity 3587K, committed 3712K, reserved 1048576K
}
Event: 112,816 GC heap before
{Heap before GC invocations=44 (full 1):
 PSYoungGen      total 268288K, used 266656K [0x00000000e1900000, 0x00000000f2200000, 0x0000000100000000)
  eden space 265216K, 100% used [0x00000000e1900000,0x00000000f1c00000,0x00000000f1c00000)
  from space 3072K, 46% used [0x00000000f1f00000,0x00000000f2068020,0x00000000f2200000)
  to   space 3072K, 0% used [0x00000000f1c00000,0x00000000f1c00000,0x00000000f1f00000)
 ParOldGen       total 47104K, used 6626K [0x00000000a4a00000, 0x00000000a7800000, 0x00000000e1900000)
  object space 47104K, 14% used [0x00000000a4a00000,0x00000000a5078888,0x00000000a7800000)
 Metaspace       used 27337K, capacity 27796K, committed 28032K, reserved 1073152K
  class space    used 3478K, capacity 3587K, committed 3712K, reserved 1048576K
Event: 112,820 GC heap after
Heap after GC invocations=44 (full 1):
 PSYoungGen      total 268288K, used 1392K [0x00000000e1900000, 0x00000000f2d80000, 0x0000000100000000)
  eden space 265216K, 0% used [0x00000000e1900000,0x00000000e1900000,0x00000000f1c00000)
  from space 3072K, 45% used [0x00000000f1c00000,0x00000000f1d5c010,0x00000000f1f00000)
  to   space 3072K, 0% used [0x00000000f2a80000,0x00000000f2a80000,0x00000000f2d80000)
 ParOldGen       total 47104K, used 6642K [0x00000000a4a00000, 0x00000000a7800000, 0x00000000e1900000)
  object space 47104K, 14% used [0x00000000a4a00000,0x00000000a507c888,0x00000000a7800000)
 Metaspace       used 27337K, capacity 27796K, committed 28032K, reserved 1073152K
  class space    used 3478K, capacity 3587K, committed 3712K, reserved 1048576K
}
Event: 113,322 GC heap before
{Heap before GC invocations=45 (full 1):
 PSYoungGen      total 268288K, used 266608K [0x00000000e1900000, 0x00000000f2d80000, 0x0000000100000000)
  eden space 265216K, 100% used [0x00000000e1900000,0x00000000f1c00000,0x00000000f1c00000)
  from space 3072K, 45% used [0x00000000f1c00000,0x00000000f1d5c010,0x00000000f1f00000)
  to   space 3072K, 0% used [0x00000000f2a80000,0x00000000f2a80000,0x00000000f2d80000)
 ParOldGen       total 47104K, used 6642K [0x00000000a4a00000, 0x00000000a7800000, 0x00000000e1900000)
  object space 47104K, 14% used [0x00000000a4a00000,0x00000000a507c888,0x00000000a7800000)
 Metaspace       used 27337K, capacity 27796K, committed 28032K, reserved 1073152K
  class space    used 3478K, capacity 3587K, committed 3712K, reserved 1048576K
Event: 113,325 GC heap after
Heap after GC invocations=45 (full 1):
 PSYoungGen      total 279040K, used 1408K [0x00000000e1900000, 0x00000000f2c80000, 0x0000000100000000)
  eden space 276992K, 0% used [0x00000000e1900000,0x00000000e1900000,0x00000000f2780000)
  from space 2048K, 68% used [0x00000000f2a80000,0x00000000f2be0020,0x00000000f2c80000)
  to   space 2560K, 0% used [0x00000000f2780000,0x00000000f2780000,0x00000000f2a00000)
 ParOldGen       total 47104K, used 6650K [0x00000000a4a00000, 0x00000000a7800000, 0x00000000e1900000)
  object space 47104K, 14% used [0x00000000a4a00000,0x00000000a507e888,0x00000000a7800000)
 Metaspace       used 27337K, capacity 27796K, committed 28032K, reserved 1073152K
  class space    used 3478K, capacity 3587K, committed 3712K, reserved 1048576K
}
Event: 113,858 GC heap before
{Heap before GC invocations=46 (full 1):
 PSYoungGen      total 279040K, used 278400K [0x00000000e1900000, 0x00000000f2c80000, 0x0000000100000000)
  eden space 276992K, 100% used [0x00000000e1900000,0x00000000f2780000,0x00000000f2780000)
  from space 2048K, 68% used [0x00000000f2a80000,0x00000000f2be0020,0x00000000f2c80000)
  to   space 2560K, 0% used [0x00000000f2780000,0x00000000f2780000,0x00000000f2a00000)
 ParOldGen       total 47104K, used 6650K [0x00000000a4a00000, 0x00000000a7800000, 0x00000000e1900000)
  object space 47104K, 14% used [0x00000000a4a00000,0x00000000a507e888,0x00000000a7800000)
 Metaspace       used 27337K, capacity 27796K, committed 28032K, reserved 1073152K
  class space    used 3478K, capacity 3587K, committed 3712K, reserved 1048576K
Event: 113,861 GC heap after
Heap after GC invocations=46 (full 1):
 PSYoungGen      total 279552K, used 128K [0x00000000e1900000, 0x00000000f3980000, 0x0000000100000000)
  eden space 276992K, 0% used [0x00000000e1900000,0x00000000e1900000,0x00000000f2780000)
  from space 2560K, 5% used [0x00000000f2780000,0x00000000f27a0000,0x00000000f2a00000)
  to   space 3072K, 0% used [0x00000000f3680000,0x00000000f3680000,0x00000000f3980000)
 ParOldGen       total 47104K, used 7986K [0x00000000a4a00000, 0x00000000a7800000, 0x00000000e1900000)
  object space 47104K, 16% used [0x00000000a4a00000,0x00000000a51cc8e8,0x00000000a7800000)
 Metaspace       used 27337K, capacity 27796K, committed 28032K, reserved 1073152K
  class space    used 3478K, capacity 3587K, committed 3712K, reserved 1048576K
}

