# JRE version: Java(TM) SE Runtime Environment (8.0_181-b13) (build 1.8.0_181-b13)
# Java VM: Java HotSpot(TM) 64-Bit Server VM (25.181-b13 mixed mode linux-amd64 compressed oops)
Heap:
 PSYoungGen      total 96256K, used 6102K [0x00000000e1900000, 0x00000000f2980000, 0x0000000100000000)
  eden space 95232K, 6% used [0x00000000e1900000,0x00000000e1ead9d8,0x00000000e7600000)
  from space 1024K, 28% used [0x00000000f2780000,0x00000000f27c8000,0x00000000f2880000)
  to   space 1024K, 0% used [0x00000000f2880000,0x00000000f2880000,0x00000000f2980000)
 ParOldGen       total 42496K, used 10242K [0x00000000a4a00000, 0x00000000a7380000, 0x00000000e1900000)
  object space 42496K, 24% used [0x00000000a4a00000,0x00000000a54009b8,0x00000000a7380000)
 Metaspace       used 27473K, capacity 27960K, committed 28288K, reserved 1073152K
  class space    used 3480K, capacity 3593K, committed 3712K, reserved 1048576K
GC Heap History (10 events):
Event: 155,042 GC heap before
{Heap before GC invocations=238 (full 1):
 PSYoungGen      total 104960K, used 104944K [0x00000000e1900000, 0x00000000f2a80000, 0x0000000100000000)
  eden space 104448K, 100% used [0x00000000e1900000,0x00000000e7f00000,0x00000000e7f00000)
  from space 512K, 96% used [0x00000000f2a00000,0x00000000f2a7c010,0x00000000f2a80000)
  to   space 1024K, 0% used [0x00000000f2880000,0x00000000f2880000,0x00000000f2980000)
 ParOldGen       total 42496K, used 9746K [0x00000000a4a00000, 0x00000000a7380000, 0x00000000e1900000)
  object space 42496K, 22% used [0x00000000a4a00000,0x00000000a5384988,0x00000000a7380000)
 Metaspace       used 27362K, capacity 27896K, committed 28032K, reserved 1073152K
  class space    used 3472K, capacity 3593K, committed 3712K, reserved 1048576K
Event: 155,043 GC heap after
Heap after GC invocations=238 (full 1):
 PSYoungGen      total 111104K, used 528K [0x00000000e1900000, 0x00000000f2a80000, 0x0000000100000000)
  eden space 110080K, 0% used [0x00000000e1900000,0x00000000e1900000,0x00000000e8480000)
  from space 1024K, 51% used [0x00000000f2880000,0x00000000f2904010,0x00000000f2980000)
  to   space 1024K, 0% used [0x00000000f2980000,0x00000000f2980000,0x00000000f2a80000)
 ParOldGen       total 42496K, used 9770K [0x00000000a4a00000, 0x00000000a7380000, 0x00000000e1900000)
  object space 42496K, 22% used [0x00000000a4a00000,0x00000000a538a988,0x00000000a7380000)
 Metaspace       used 27362K, capacity 27896K, committed 28032K, reserved 1073152K
  class space    used 3472K, capacity 3593K, committed 3712K, reserved 1048576K
}
Event: 155,263 GC heap before
{Heap before GC invocations=239 (full 1):
 PSYoungGen      total 111104K, used 110608K [0x00000000e1900000, 0x00000000f2a80000, 0x0000000100000000)
  eden space 110080K, 100% used [0x00000000e1900000,0x00000000e8480000,0x00000000e8480000)
  from space 1024K, 51% used [0x00000000f2880000,0x00000000f2904010,0x00000000f2980000)
  to   space 1024K, 0% used [0x00000000f2980000,0x00000000f2980000,0x00000000f2a80000)
 ParOldGen       total 42496K, used 9770K [0x00000000a4a00000, 0x00000000a7380000, 0x00000000e1900000)
  object space 42496K, 22% used [0x00000000a4a00000,0x00000000a538a988,0x00000000a7380000)
 Metaspace       used 27362K, capacity 27896K, committed 28032K, reserved 1073152K
  class space    used 3472K, capacity 3593K, committed 3712K, reserved 1048576K
Event: 155,265 GC heap after
Heap after GC invocations=239 (full 1):
 PSYoungGen      total 106496K, used 464K [0x00000000e1900000, 0x00000000f2a00000, 0x0000000100000000)
  eden space 105984K, 0% used [0x00000000e1900000,0x00000000e1900000,0x00000000e8080000)
  from space 512K, 90% used [0x00000000f2980000,0x00000000f29f4010,0x00000000f2a00000)
  to   space 1024K, 0% used [0x00000000f2800000,0x00000000f2800000,0x00000000f2900000)
 ParOldGen       total 42496K, used 9770K [0x00000000a4a00000, 0x00000000a7380000, 0x00000000e1900000)
  object space 42496K, 22% used [0x00000000a4a00000,0x00000000a538a988,0x00000000a7380000)
 Metaspace       used 27362K, capacity 27896K, committed 28032K, reserved 1073152K
  class space    used 3472K, capacity 3593K, committed 3712K, reserved 1048576K
}
Event: 155,469 GC heap before
{Heap before GC invocations=240 (full 1):
 PSYoungGen      total 106496K, used 106448K [0x00000000e1900000, 0x00000000f2a00000, 0x0000000100000000)
  eden space 105984K, 100% used [0x00000000e1900000,0x00000000e8080000,0x00000000e8080000)
  from space 512K, 90% used [0x00000000f2980000,0x00000000f29f4010,0x00000000f2a00000)
  to   space 1024K, 0% used [0x00000000f2800000,0x00000000f2800000,0x00000000f2900000)
 ParOldGen       total 42496K, used 9770K [0x00000000a4a00000, 0x00000000a7380000, 0x00000000e1900000)
  object space 42496K, 22% used [0x00000000a4a00000,0x00000000a538a988,0x00000000a7380000)
 Metaspace       used 27363K, capacity 27896K, committed 28032K, reserved 1073152K
  class space    used 3472K, capacity 3593K, committed 3712K, reserved 1048576K
Event: 155,471 GC heap after
Heap after GC invocations=240 (full 1):
 PSYoungGen      total 103424K, used 496K [0x00000000e1900000, 0x00000000f2a00000, 0x0000000100000000)
  eden space 102400K, 0% used [0x00000000e1900000,0x00000000e1900000,0x00000000e7d00000)
  from space 1024K, 48% used [0x00000000f2800000,0x00000000f287c010,0x00000000f2900000)
  to   space 1024K, 0% used [0x00000000f2900000,0x00000000f2900000,0x00000000f2a00000)
 ParOldGen       total 42496K, used 9770K [0x00000000a4a00000, 0x00000000a7380000, 0x00000000e1900000)
  object space 42496K, 22% used [0x00000000a4a00000,0x00000000a538a988,0x00000000a7380000)
 Metaspace       used 27363K, capacity 27896K, committed 28032K, reserved 1073152K
  class space    used 3472K, capacity 3593K, committed 3712K, reserved 1048576K
}
Event: 155,666 GC heap before
{Heap before GC invocations=241 (full 1):
 PSYoungGen      total 103424K, used 102896K [0x00000000e1900000, 0x00000000f2a00000, 0x0000000100000000)
  eden space 102400K, 100% used [0x00000000e1900000,0x00000000e7d00000,0x00000000e7d00000)
  from space 1024K, 48% used [0x00000000f2800000,0x00000000f287c010,0x00000000f2900000)
  to   space 1024K, 0% used [0x00000000f2900000,0x00000000f2900000,0x00000000f2a00000)
 ParOldGen       total 42496K, used 9770K [0x00000000a4a00000, 0x00000000a7380000, 0x00000000e1900000)
  object space 42496K, 22% used [0x00000000a4a00000,0x00000000a538a988,0x00000000a7380000)
 Metaspace       used 27363K, capacity 27896K, committed 28032K, reserved 1073152K
  class space    used 3472K, capacity 3593K, committed 3712K, reserved 1048576K
Event: 155,668 GC heap after
Heap after GC invocations=241 (full 1):
 PSYoungGen      total 99328K, used 128K [0x00000000e1900000, 0x00000000f2980000, 0x0000000100000000)
  eden space 98816K, 0% used [0x00000000e1900000,0x00000000e1900000,0x00000000e7980000)
  from space 512K, 25% used [0x00000000f2900000,0x00000000f2920000,0x00000000f2980000)
  to   space 1024K, 0% used [0x00000000f2780000,0x00000000f2780000,0x00000000f2880000)
 ParOldGen       total 42496K, used 10226K [0x00000000a4a00000, 0x00000000a7380000, 0x00000000e1900000)
  object space 42496K, 24% used [0x00000000a4a00000,0x00000000a53fc9b8,0x00000000a7380000)
 Metaspace       used 27363K, capacity 27896K, committed 28032K, reserved 1073152K
  class space    used 3472K, capacity 3593K, committed 3712K, reserved 1048576K
}
Event: 204,320 GC heap before
{Heap before GC invocations=242 (full 1):
 PSYoungGen      total 99328K, used 98939K [0x00000000e1900000, 0x00000000f2980000, 0x0000000100000000)
  eden space 98816K, 99% used [0x00000000e1900000,0x00000000e797ed00,0x00000000e7980000)
  from space 512K, 25% used [0x00000000f2900000,0x00000000f2920000,0x00000000f2980000)
  to   space 1024K, 0% used [0x00000000f2780000,0x00000000f2780000,0x00000000f2880000)
 ParOldGen       total 42496K, used 10226K [0x00000000a4a00000, 0x00000000a7380000, 0x00000000e1900000)
  object space 42496K, 24% used [0x00000000a4a00000,0x00000000a53fc9b8,0x00000000a7380000)
 Metaspace       used 27395K, capacity 27896K, committed 28032K, reserved 1073152K
  class space    used 3473K, capacity 3593K, committed 3712K, reserved 1048576K
Event: 204,323 GC heap after
Heap after GC invocations=242 (full 1):
 PSYoungGen      total 96256K, used 288K [0x00000000e1900000, 0x00000000f2980000, 0x0000000100000000)
  eden space 95232K, 0% used [0x00000000e1900000,0x00000000e1900000,0x00000000e7600000)
  from space 1024K, 28% used [0x00000000f2780000,0x00000000f27c8000,0x00000000f2880000)
  to   space 1024K, 0% used [0x00000000f2880000,0x00000000f2880000,0x00000000f2980000)
 ParOldGen       total 42496K, used 10242K [0x00000000a4a00000, 0x00000000a7380000, 0x00000000e1900000)
  object space 42496K, 24% used [0x00000000a4a00000,0x00000000a54009b8,0x00000000a7380000)
 Metaspace       used 27395K, capacity 27896K, committed 28032K, reserved 1073152K
  class space    used 3473K, capacity 3593K, committed 3712K, reserved 1048576K
}

